<?xml version="1.0" encoding="UTF-8"?>
<!-- Generated by org.testng.reporters.JUnitReportReporter -->
<testsuite hostname="DESKTOP-I3VEVNM" name="com.test.hybridtestapp.TestApp" tests="1" failures="0" timestamp="3 Oct 2017 05:37:14 GMT" time="47.686" errors="0">
  <testcase name="contextSwitching" time="47.686" classname="com.test.hybridtestapp.TestApp"/>
</testsuite> <!-- com.test.hybridtestapp.TestApp -->
