<?xml version="1.0" encoding="UTF-8"?>
<!-- Generated by org.testng.reporters.JUnitReportReporter -->
<testsuite hostname="DESKTOP-I3VEVNM" name="com.test.module1testscripts.TestClass1" tests="1" failures="0" timestamp="4 Sep 2017 09:05:28 GMT" time="64.013" errors="0">
  <testcase name="testsample1" time="64.013" classname="com.test.module1testscripts.TestClass1"/>
</testsuite> <!-- com.test.module1testscripts.TestClass1 -->
