<?xml version="1.0" encoding="UTF-8"?>
<!-- Generated by org.testng.reporters.JUnitReportReporter -->
<testsuite hostname="DESKTOP-I3VEVNM" name="com.test.module1testscripts.TestClass2" tests="1" failures="0" timestamp="3 Sep 2017 04:13:55 GMT" time="26.613" errors="0">
  <testcase name="testsample1" time="26.613" classname="com.test.module1testscripts.TestClass2"/>
</testsuite> <!-- com.test.module1testscripts.TestClass2 -->
