<?xml version="1.0" encoding="UTF-8"?>
<!-- Generated by org.testng.reporters.JUnitReportReporter -->
<testsuite hostname="DESKTOP-I3VEVNM" name="com.test.chromebrowsertest.ChromeTest2" tests="1" failures="0" timestamp="3 Oct 2017 11:43:17 GMT" time="35.503" errors="0">
  <testcase name="udemyTestOnChrome" time="35.503" classname="com.test.chromebrowsertest.ChromeTest2"/>
</testsuite> <!-- com.test.chromebrowsertest.ChromeTest2 -->
